<?xml version="1.0" encoding="UTF-8"?>
<!-- Generated by org.testng.reporters.JUnitReportReporter -->
<testsuite hostname="NCSIND9050D7QC0" failures="0" tests="1" name="com.ncs.Cucumber.SearchRunner" time="60.010" errors="0" timestamp="2024-04-07T16:21:42 IST" skipped="0">
  <testcase classname="com.ncs.Cucumber.SearchRunner" name="runScenario" time="60.010"/>
  <system-out/>
</testsuite> <!-- com.ncs.Cucumber.SearchRunner -->
